Begin Time:2021-06-07T09:32:51.027
[2021-06-07T09:32:51.027 info Netsdk:48184 13284:14320 AVNetSDKMgr.cpp:378]Load avnetsdk library dynamically
[2021-06-07T09:32:51.032 info Netsdk:48184 13284:14320 AVNetSDKMgr.cpp:402]avnetsdk module handle: 000001D4C1C90000

[2021-06-07T09:32:51.032 info Netsdk:48184 13284:14320 AVNetSDKMgr.cpp:734]Load configsdk dynamically
[2021-06-07T09:32:51.035 info Netsdk:48184 13284:14320 dhnetsdk.cpp:190]Enter CLIENT_SetAutoReconnect:[cbAutoConnect=000001D4BE940050, dwUser=0000000000000000].
[2021-06-07T09:32:51.035 info Netsdk:48184 13284:14320 dhnetsdk.cpp:192]Leave CLIENT_SetAutoReconnect.
[2021-06-07T09:32:51.035 info Netsdk:48184 13284:14320 dhnetsdk.cpp:210]Enter CLIENT_SetConnectTime:[nWaitTime=5000, nTryTimes=1].
[2021-06-07T09:32:51.035 info Netsdk:48184 13284:14320 dhnetsdk.cpp:223]Leave CLIENT_SetConnectTime.
[2021-06-07T09:32:51.035 info Netsdk:48184 13284:14320 dhnetsdk.cpp:234]Enter CLIENT_SetNetworkParam:[nWaittime=0, nConnectTime=10000, nConnectTryNum=0, nSubConnectSpaceTime=0, nGetDevInfoTime=0, nConnectBufSize=0, nGetConnInfoTime=3000, nSearchRecordTime=0, nsubDisconnetTime=0, byNetType=0, byPlaybackBufSize=0, bDetectDisconnTime=0, bKeepLifeInterval=0, nPicBufSize=0].
[2021-06-07T09:32:51.035 info Netsdk:48184 13284:14320 dhnetsdk.cpp:249]Leave CLIENT_SetNetworkParam.
[2021-06-07T09:32:55.205 info Netsdk:48184 13284:14320 dhnetsdk.cpp:809]Enter CLIENT_LoginWithHighLevelSecurity. pstInParam:000001D4C02288E0, pstOutParam:000001D4C0DAA680.
[2021-06-07T09:32:55.205 info Netsdk:48184 13284:14320 dhnetsdk.cpp:825]IP:169.254.238.113, port:37777, SpeCap:0, CapParam:0000000000000000.
[2021-06-07T09:33:05.207 error Netsdk:48184 13284:14320 TPTCPClient.cpp:392]Connect host failed, ip:169.254.238.113
[2021-06-07T09:33:05.207 error Netsdk:48184 13284:14320 dhdevprob.cpp:2380]Login failed, Failed to create main connection
[2021-06-07T09:33:05.207 error Netsdk:48184 13284:14320 Manager.cpp:8305]device is NULL
[2021-06-07T09:33:05.207 error Netsdk:48184 13284:14320 Manager.cpp:8406]Login device failed, errorcode:9!
[2021-06-07T09:33:05.207 error Netsdk:48184 13284:14320 dhnetsdk.cpp:867]Login failed, ip:169.254.238.113, port:37777, specCap:0!
[2021-06-07T09:33:05.207 info Netsdk:48184 13284:14320 dhnetsdk.cpp:871]Leave CLIENT_LoginWithHighLevelSecurity. error:9, login ID:0000000000000000.
[2021-06-07T09:33:05.208 info Netsdk:48184 13284:14320 dhnetsdk.cpp:7250]Enter CLIENT_GetLastError.
[2021-06-07T09:33:05.208 info Netsdk:48184 13284:14320 dhnetsdk.cpp:7253]Leave CLIENT_GetLastError.[Error code=8000006b.]
[2021-06-07T09:33:05.208 info Netsdk:48184 13284:14320 dhnetsdk.cpp:7250]Enter CLIENT_GetLastError.
[2021-06-07T09:33:05.208 info Netsdk:48184 13284:14320 dhnetsdk.cpp:7253]Leave CLIENT_GetLastError.[Error code=8000006b.]
[2021-06-07T09:33:05.224 info Netsdk:48184 13284:14320 dhnetsdk.cpp:7250]Enter CLIENT_GetLastError.
[2021-06-07T09:33:05.224 info Netsdk:48184 13284:14320 dhnetsdk.cpp:7253]Leave CLIENT_GetLastError.[Error code=8000006b.]
