Begin Time:2021-04-29T15:39:23.617
[2021-04-29T15:39:23.617 info Netsdk:48184 10780:8908 dhnetsdk.cpp:190]Enter CLIENT_SetAutoReconnect:[cbAutoConnect=000001F0D2610210, dwUser=0000000000000000].
[2021-04-29T15:39:23.617 info Netsdk:48184 10780:8908 dhnetsdk.cpp:192]Leave CLIENT_SetAutoReconnect.
[2021-04-29T15:39:23.617 info Netsdk:48184 10780:8908 dhnetsdk.cpp:210]Enter CLIENT_SetConnectTime:[nWaitTime=5000, nTryTimes=1].
[2021-04-29T15:39:23.617 info Netsdk:48184 10780:8908 dhnetsdk.cpp:223]Leave CLIENT_SetConnectTime.
[2021-04-29T15:39:23.617 info Netsdk:48184 10780:8908 dhnetsdk.cpp:234]Enter CLIENT_SetNetworkParam:[nWaittime=0, nConnectTime=10000, nConnectTryNum=0, nSubConnectSpaceTime=0, nGetDevInfoTime=0, nConnectBufSize=0, nGetConnInfoTime=3000, nSearchRecordTime=0, nsubDisconnetTime=0, byNetType=0, byPlaybackBufSize=0, bDetectDisconnTime=0, bKeepLifeInterval=0, nPicBufSize=0].
[2021-04-29T15:39:23.618 info Netsdk:48184 10780:8908 dhnetsdk.cpp:249]Leave CLIENT_SetNetworkParam.
[2021-04-29T15:39:28.423 info Netsdk:48184 10780:8908 dhnetsdk.cpp:809]Enter CLIENT_LoginWithHighLevelSecurity. pstInParam:000001F0D1D060F0, pstOutParam:000001F0D374D050.
[2021-04-29T15:39:28.423 info Netsdk:48184 10780:8908 dhnetsdk.cpp:825]IP:169.254.238.113, port:37777, SpeCap:0, CapParam:0000000000000000.
[2021-04-29T15:39:28.557 info Netsdk:48184 10780:8908 dhnetsdk.cpp:871]Leave CLIENT_LoginWithHighLevelSecurity. error:0, login ID:000001F0D2778900.
[2021-04-29T15:39:32.801 info Netsdk:48184 10780:8908 dhnetsdk.cpp:9492]Enter CLIENT_RealLoadPictureEx. lLoginID:000001F0D2778900, nChannelID:0, dwAlarmType:1, bNeedPicFile:1, cbAnalyzerData:000001F0D2610250, dwUser:0000000000000000, Reserved:0000000000000000.
[2021-04-29T15:39:32.802 info Netsdk:48184 10780:8908 Utils.cpp:4809]mutil NIC client
[2021-04-29T15:39:32.805 info Netsdk:48184 10780:8908 DevConfigEx.cpp:10179]IN SetupSession PORT=0 and PORT: 37777
[2021-04-29T15:39:32.812 info Netsdk:48184 10780:8908 dhnetsdk.cpp:9511]Leave CLIENT_RealLoadPictureEx. ret:-763894288.
[2021-04-29T15:39:38.852 info Netsdk:48184 10780:8908 dhnetsdk.cpp:16933]Enter CLIENT_FindGroupInfo. [lLoginID=000001F0D2778900, pstInParam=000001F0D2A77F90, pstOutParam=000001F0D5A7EAC0, nWaitTime=4000]
[2021-04-29T15:39:38.947 info Netsdk:48184 10780:8908 dhnetsdk.cpp:16950]Leave CLIENT_FindGroupInfo. ret:0
[2021-04-29T15:39:38.947 info Netsdk:48184 10780:8908 dhnetsdk.cpp:7250]Enter CLIENT_GetLastError.
[2021-04-29T15:39:38.947 info Netsdk:48184 10780:8908 dhnetsdk.cpp:7253]Leave CLIENT_GetLastError.[Error code=80000442.]
[2021-04-29T15:39:38.947 info Netsdk:48184 10780:8908 dhnetsdk.cpp:7250]Enter CLIENT_GetLastError.
[2021-04-29T15:39:38.947 info Netsdk:48184 10780:8908 dhnetsdk.cpp:7253]Leave CLIENT_GetLastError.[Error code=80000442.]
[2021-04-29T15:39:42.998 info Netsdk:48184 10780:8908 dhnetsdk.cpp:16933]Enter CLIENT_FindGroupInfo. [lLoginID=000001F0D2778900, pstInParam=000001F0D2A77C70, pstOutParam=000001F0D5A7EEE0, nWaitTime=4000]
[2021-04-29T15:39:43.046 info Netsdk:48184 10780:8908 dhnetsdk.cpp:16950]Leave CLIENT_FindGroupInfo. ret:0
[2021-04-29T15:39:43.046 info Netsdk:48184 10780:8908 dhnetsdk.cpp:7250]Enter CLIENT_GetLastError.
[2021-04-29T15:39:43.046 info Netsdk:48184 10780:8908 dhnetsdk.cpp:7253]Leave CLIENT_GetLastError.[Error code=80000442.]
[2021-04-29T15:39:43.046 info Netsdk:48184 10780:8908 dhnetsdk.cpp:7250]Enter CLIENT_GetLastError.
[2021-04-29T15:39:43.046 info Netsdk:48184 10780:8908 dhnetsdk.cpp:7253]Leave CLIENT_GetLastError.[Error code=80000442.]
[2021-04-29T15:40:05.934 info Netsdk:48184 10780:10236 dhnetsdk.cpp:16515]Enter CLIENT_StartFindFaceRecognition. [lLoginID=000001F0D2778900, pstInParam=000001F0D29FBB60, pstOutParam=000001F0D3408B10, nWaitTime=4000]
[2021-04-29T15:40:06.308 info Netsdk:48184 10780:10236 dhnetsdk.cpp:16533]Leave CLIENT_StartFindFaceRecognition. ret:0
[2021-04-29T15:40:06.312 info Netsdk:48184 10780:10236 dhnetsdk.cpp:7250]Enter CLIENT_GetLastError.
[2021-04-29T15:40:06.312 info Netsdk:48184 10780:10236 dhnetsdk.cpp:7253]Leave CLIENT_GetLastError.[Error code=8000004f.]
[2021-04-29T15:40:06.312 info Netsdk:48184 10780:10236 dhnetsdk.cpp:7250]Enter CLIENT_GetLastError.
[2021-04-29T15:40:06.312 info Netsdk:48184 10780:10236 dhnetsdk.cpp:7253]Leave CLIENT_GetLastError.[Error code=8000004f.]
[2021-04-29T15:40:24.927 info Netsdk:48184 10780:8908 dhnetsdk.cpp:16933]Enter CLIENT_FindGroupInfo. [lLoginID=000001F0D2778900, pstInParam=000001F0D2AD2090, pstOutParam=000001F0D1893260, nWaitTime=4000]
[2021-04-29T15:40:24.977 info Netsdk:48184 10780:8908 dhnetsdk.cpp:16950]Leave CLIENT_FindGroupInfo. ret:0
[2021-04-29T15:40:24.977 info Netsdk:48184 10780:8908 dhnetsdk.cpp:7250]Enter CLIENT_GetLastError.
[2021-04-29T15:40:24.977 info Netsdk:48184 10780:8908 dhnetsdk.cpp:7253]Leave CLIENT_GetLastError.[Error code=80000442.]
[2021-04-29T15:40:24.977 info Netsdk:48184 10780:8908 dhnetsdk.cpp:7250]Enter CLIENT_GetLastError.
[2021-04-29T15:40:24.977 info Netsdk:48184 10780:8908 dhnetsdk.cpp:7253]Leave CLIENT_GetLastError.[Error code=80000442.]
[2021-04-29T15:40:31.183 info Netsdk:48184 10780:8908 dhnetsdk.cpp:9524]Enter CLIENT_StopLoadPic. lAnalyzerHandle:-763894288.
[2021-04-29T15:40:31.183 info Netsdk:48184 10780:8908 dhnetsdk.cpp:9531]Leave CLIENT_StopLoadPic. ret:1.
[2021-04-29T15:40:31.183 info Netsdk:48184 10780:8908 dhnetsdk.cpp:892]Enter CLIENT_Logout. lLoginID:000001F0D2778900.
[2021-04-29T15:40:31.183 error Netsdk:48184 10780:8908 TPTCPClient.cpp:533]Device is not online, ip:169.254.238.113
[2021-04-29T15:40:31.183 info Netsdk:48184 10780:8908 dhnetsdk.cpp:914]Leave CLIENT_Logout. ret:1
