Begin Time:2021-04-25T11:16:36.004
[2021-04-25T11:16:36.004 info Netsdk:48184 15488:1040 AVNetSDKMgr.cpp:378]Load avnetsdk library dynamically
[2021-04-25T11:16:36.009 info Netsdk:48184 15488:1040 AVNetSDKMgr.cpp:402]avnetsdk module handle: 0000020200000000

[2021-04-25T11:16:36.009 info Netsdk:48184 15488:1040 AVNetSDKMgr.cpp:734]Load configsdk dynamically
[2021-04-25T11:16:36.011 info Netsdk:48184 15488:1040 dhnetsdk.cpp:190]Enter CLIENT_SetAutoReconnect:[cbAutoConnect=000002027CB70050, dwUser=0000000000000000].
[2021-04-25T11:16:36.011 info Netsdk:48184 15488:1040 dhnetsdk.cpp:192]Leave CLIENT_SetAutoReconnect.
[2021-04-25T11:16:36.012 info Netsdk:48184 15488:1040 dhnetsdk.cpp:210]Enter CLIENT_SetConnectTime:[nWaitTime=5000, nTryTimes=1].
[2021-04-25T11:16:36.012 info Netsdk:48184 15488:1040 dhnetsdk.cpp:223]Leave CLIENT_SetConnectTime.
[2021-04-25T11:16:36.012 info Netsdk:48184 15488:1040 dhnetsdk.cpp:234]Enter CLIENT_SetNetworkParam:[nWaittime=0, nConnectTime=10000, nConnectTryNum=0, nSubConnectSpaceTime=0, nGetDevInfoTime=0, nConnectBufSize=0, nGetConnInfoTime=3000, nSearchRecordTime=0, nsubDisconnetTime=0, byNetType=0, byPlaybackBufSize=0, bDetectDisconnTime=0, bKeepLifeInterval=0, nPicBufSize=0].
[2021-04-25T11:16:36.012 info Netsdk:48184 15488:1040 dhnetsdk.cpp:249]Leave CLIENT_SetNetworkParam.
[2021-04-25T11:16:38.189 info Netsdk:48184 15488:1040 dhnetsdk.cpp:809]Enter CLIENT_LoginWithHighLevelSecurity. pstInParam:000002027E1B0870, pstOutParam:000002027D024260.
[2021-04-25T11:16:38.189 info Netsdk:48184 15488:1040 dhnetsdk.cpp:825]IP:169.254.238.113, port:37777, SpeCap:0, CapParam:0000000000000000.
[2021-04-25T11:16:38.333 info Netsdk:48184 15488:1040 dhnetsdk.cpp:871]Leave CLIENT_LoginWithHighLevelSecurity. error:0, login ID:000002027E129910.
[2021-04-25T11:16:41.734 info Netsdk:48184 15488:1040 dhnetsdk.cpp:9492]Enter CLIENT_RealLoadPictureEx. lLoginID:000002027E129910, nChannelID:0, dwAlarmType:1, bNeedPicFile:1, cbAnalyzerData:000002027CB70090, dwUser:0000000000000000, Reserved:0000000000000000.
[2021-04-25T11:16:41.735 info Netsdk:48184 15488:1040 Utils.cpp:4809]mutil NIC client
[2021-04-25T11:16:41.737 info Netsdk:48184 15488:1040 DevConfigEx.cpp:10179]IN SetupSession PORT=0 and PORT: 37777
[2021-04-25T11:16:41.765 info Netsdk:48184 15488:1040 dhnetsdk.cpp:9511]Leave CLIENT_RealLoadPictureEx. ret:2114182176.
[2021-04-25T11:43:47.548 error Netsdk:48184 15488:9612 TPIOCPMultiplexer.cpp:119]receive data result, GetQueuedCompletionStatus error:1236
[2021-04-25T11:43:47.548 error Netsdk:48184 15488:11604 TPIOCPMultiplexer.cpp:119]receive data result, GetQueuedCompletionStatus error:1236
[2021-04-25T11:43:47.548 error Netsdk:48184 15488:11604 TPObject.cpp:102]Receive error, ret:-1, err:10054
[2021-04-25T11:43:47.548 error Netsdk:48184 15488:9612 TPObject.cpp:102]Receive error, ret:-1, err:10054
[2021-04-25T11:43:47.548 error Netsdk:48184 15488:9612 TPTCPClient.cpp:142]Receive to iocp error
[2021-04-25T11:43:47.548 error Netsdk:48184 15488:9612 TPTCPClient.cpp:184]Disconnect, ip:169.254.238.113, port is 37777
[2021-04-25T11:43:47.548 error Netsdk:48184 15488:11604 TPTCPClient.cpp:142]Receive to iocp error
[2021-04-25T11:43:47.548 error Netsdk:48184 15488:11604 TPTCPClient.cpp:184]Disconnect, ip:169.254.238.113, port is 37777
[2021-04-25T13:18:20.253 info Netsdk:48184 15488:1040 dhnetsdk.cpp:9524]Enter CLIENT_StopLoadPic. lAnalyzerHandle:2114182176.
[2021-04-25T13:18:20.254 info Netsdk:48184 15488:1040 dhnetsdk.cpp:9531]Leave CLIENT_StopLoadPic. ret:1.
[2021-04-25T13:18:20.255 info Netsdk:48184 15488:1040 dhnetsdk.cpp:892]Enter CLIENT_Logout. lLoginID:000002027E129910.
[2021-04-25T13:18:20.282 error Netsdk:48184 15488:1040 TPTCPClient.cpp:533]Device is not online, ip:169.254.238.113
[2021-04-25T13:18:20.282 info Netsdk:48184 15488:1040 dhnetsdk.cpp:914]Leave CLIENT_Logout. ret:1
