Begin Time:2021-04-06T08:41:37.288
[2021-04-06T08:41:37.288 info Netsdk:48184 22476:21484 AVNetSDKMgr.cpp:378]Load avnetsdk library dynamically
[2021-04-06T08:41:37.292 info Netsdk:48184 22476:21484 AVNetSDKMgr.cpp:402]avnetsdk module handle: 000001933D370000

[2021-04-06T08:41:37.293 info Netsdk:48184 22476:21484 AVNetSDKMgr.cpp:734]Load configsdk dynamically
[2021-04-06T08:41:37.295 info Netsdk:48184 22476:21484 dhnetsdk.cpp:190]Enter CLIENT_SetAutoReconnect:[cbAutoConnect=000001933A020050, dwUser=0000000000000000].
[2021-04-06T08:41:37.295 info Netsdk:48184 22476:21484 dhnetsdk.cpp:192]Leave CLIENT_SetAutoReconnect.
[2021-04-06T08:41:37.295 info Netsdk:48184 22476:21484 dhnetsdk.cpp:210]Enter CLIENT_SetConnectTime:[nWaitTime=5000, nTryTimes=1].
[2021-04-06T08:41:37.295 info Netsdk:48184 22476:21484 dhnetsdk.cpp:223]Leave CLIENT_SetConnectTime.
[2021-04-06T08:41:37.296 info Netsdk:48184 22476:21484 dhnetsdk.cpp:234]Enter CLIENT_SetNetworkParam:[nWaittime=0, nConnectTime=10000, nConnectTryNum=0, nSubConnectSpaceTime=0, nGetDevInfoTime=0, nConnectBufSize=0, nGetConnInfoTime=3000, nSearchRecordTime=0, nsubDisconnetTime=0, byNetType=0, byPlaybackBufSize=0, bDetectDisconnTime=0, bKeepLifeInterval=0, nPicBufSize=0].
[2021-04-06T08:41:37.296 info Netsdk:48184 22476:21484 dhnetsdk.cpp:249]Leave CLIENT_SetNetworkParam.
[2021-04-06T08:41:38.819 info Netsdk:48184 22476:21484 dhnetsdk.cpp:809]Enter CLIENT_LoginWithHighLevelSecurity. pstInParam:000001933B7AE870, pstOutParam:000001933E871B10.
[2021-04-06T08:41:38.819 info Netsdk:48184 22476:21484 dhnetsdk.cpp:825]IP:169.254.238.113, port:37777, SpeCap:0, CapParam:0000000000000000.
[2021-04-06T08:41:38.960 info Netsdk:48184 22476:21484 dhnetsdk.cpp:871]Leave CLIENT_LoginWithHighLevelSecurity. error:0, login ID:000001933B5C8900.
[2021-04-06T08:41:39.883 info Netsdk:48184 22476:21484 dhnetsdk.cpp:9492]Enter CLIENT_RealLoadPictureEx. lLoginID:000001933B5C8900, nChannelID:0, dwAlarmType:1, bNeedPicFile:1, cbAnalyzerData:000001933A020090, dwUser:0000000000000000, Reserved:0000000000000000.
[2021-04-06T08:41:39.884 info Netsdk:48184 22476:21484 Utils.cpp:4809]mutil NIC client
[2021-04-06T08:41:39.886 info Netsdk:48184 22476:21484 DevConfigEx.cpp:10179]IN SetupSession PORT=0 and PORT: 37777
[2021-04-06T08:41:39.920 info Netsdk:48184 22476:21484 dhnetsdk.cpp:9511]Leave CLIENT_RealLoadPictureEx. ret:995939600.
[2021-04-06T08:41:52.482 info Netsdk:48184 22476:21484 dhnetsdk.cpp:9524]Enter CLIENT_StopLoadPic. lAnalyzerHandle:995939600.
[2021-04-06T08:41:52.482 info Netsdk:48184 22476:21484 dhnetsdk.cpp:9531]Leave CLIENT_StopLoadPic. ret:1.
[2021-04-06T08:41:52.482 info Netsdk:48184 22476:21484 dhnetsdk.cpp:892]Enter CLIENT_Logout. lLoginID:000001933B5C8900.
[2021-04-06T08:41:52.482 error Netsdk:48184 22476:21484 TPTCPClient.cpp:533]Device is not online, ip:169.254.238.113
[2021-04-06T08:41:52.482 info Netsdk:48184 22476:21484 dhnetsdk.cpp:914]Leave CLIENT_Logout. ret:1
