Begin Time:2021-04-29T15:47:12.814
[2021-04-29T15:47:12.814 info Netsdk:48184 4208:9316 AVNetSDKMgr.cpp:378]Load avnetsdk library dynamically
[2021-04-29T15:47:12.819 info Netsdk:48184 4208:9316 AVNetSDKMgr.cpp:402]avnetsdk module handle: 0000028D2CCF0000

[2021-04-29T15:47:12.819 info Netsdk:48184 4208:9316 AVNetSDKMgr.cpp:734]Load configsdk dynamically
[2021-04-29T15:47:12.822 info Netsdk:48184 4208:9316 dhnetsdk.cpp:190]Enter CLIENT_SetAutoReconnect:[cbAutoConnect=0000028D2B1B0050, dwUser=0000000000000000].
[2021-04-29T15:47:12.822 info Netsdk:48184 4208:9316 dhnetsdk.cpp:192]Leave CLIENT_SetAutoReconnect.
[2021-04-29T15:47:12.822 info Netsdk:48184 4208:9316 dhnetsdk.cpp:210]Enter CLIENT_SetConnectTime:[nWaitTime=5000, nTryTimes=1].
[2021-04-29T15:47:12.822 info Netsdk:48184 4208:9316 dhnetsdk.cpp:223]Leave CLIENT_SetConnectTime.
[2021-04-29T15:47:12.823 info Netsdk:48184 4208:9316 dhnetsdk.cpp:234]Enter CLIENT_SetNetworkParam:[nWaittime=0, nConnectTime=10000, nConnectTryNum=0, nSubConnectSpaceTime=0, nGetDevInfoTime=0, nConnectBufSize=0, nGetConnInfoTime=3000, nSearchRecordTime=0, nsubDisconnetTime=0, byNetType=0, byPlaybackBufSize=0, bDetectDisconnTime=0, bKeepLifeInterval=0, nPicBufSize=0].
[2021-04-29T15:47:12.823 info Netsdk:48184 4208:9316 dhnetsdk.cpp:249]Leave CLIENT_SetNetworkParam.
[2021-04-29T15:47:14.287 info Netsdk:48184 4208:9316 dhnetsdk.cpp:809]Enter CLIENT_LoginWithHighLevelSecurity. pstInParam:0000028D2B712600, pstOutParam:0000028D2BC96F80.
[2021-04-29T15:47:14.287 info Netsdk:48184 4208:9316 dhnetsdk.cpp:825]IP:169.254.238.113, port:37777, SpeCap:0, CapParam:0000000000000000.
[2021-04-29T15:47:14.426 info Netsdk:48184 4208:9316 dhnetsdk.cpp:871]Leave CLIENT_LoginWithHighLevelSecurity. error:0, login ID:0000028D2B319910.
[2021-04-29T15:47:54.707 info Netsdk:48184 4208:9316 dhnetsdk.cpp:7262]Enter CLIENT_ControlDevice. [lLoginID=0000028D2B319910, type=256, param=0000028D2C16D7E0, waittime=5000.]
[2021-04-29T15:47:54.882 info Netsdk:48184 4208:9316 dhnetsdk.cpp:7285]Leave CLIENT_ControlDevice.ret:1.
[2021-04-29T15:47:54.926 info Netsdk:48184 4208:9316 dhnetsdk.cpp:26799]Enter CLIENT_FaceInfoOpreate. [lLoginID=0000028D2B319910, emType=0, pInParam=0000028D2E06A570, pOutParam=0000028D2980F3A0, waittime=5000.]
[2021-04-29T15:47:55.127 info Netsdk:48184 4208:9316 dhnetsdk.cpp:26815]Leave CLIENT_FaceInfoOpreate.ret:0.
[2021-04-29T15:47:55.130 info Netsdk:48184 4208:9316 dhnetsdk.cpp:7250]Enter CLIENT_GetLastError.
[2021-04-29T15:47:55.130 info Netsdk:48184 4208:9316 dhnetsdk.cpp:7253]Leave CLIENT_GetLastError.[Error code=80000406.]
[2021-04-29T15:47:55.130 info Netsdk:48184 4208:9316 dhnetsdk.cpp:7250]Enter CLIENT_GetLastError.
[2021-04-29T15:47:55.130 info Netsdk:48184 4208:9316 dhnetsdk.cpp:7253]Leave CLIENT_GetLastError.[Error code=80000406.]
[2021-04-29T15:47:55.132 info Netsdk:48184 4208:9316 dhnetsdk.cpp:7250]Enter CLIENT_GetLastError.
[2021-04-29T15:47:55.132 info Netsdk:48184 4208:9316 dhnetsdk.cpp:7253]Leave CLIENT_GetLastError.[Error code=80000406.]
[2021-04-29T15:48:02.355 info Netsdk:48184 4208:12872 dhnetsdk.cpp:15875]Enter CLIENT_FindRecord. [lLoginID=0000028D2B319910, pInParam=0000028D2BB8FC30, pOutParam=0000028D2BB8F830, waittime=5000.]
[2021-04-29T15:48:02.476 info Netsdk:48184 4208:12872 dhnetsdk.cpp:15900]Leave CLIENT_FindRecord. ret:1.
[2021-04-29T15:48:55.395 info Netsdk:48184 4208:12872 dhnetsdk.cpp:15992]Enter CLIENT_FindRecordClose. [lFindHandle=723798608.]
[2021-04-29T15:48:55.429 info Netsdk:48184 4208:12872 dhnetsdk.cpp:16007]Leave CLIENT_FindRecordClose. ret:1
[2021-04-29T15:48:58.238 info Netsdk:48184 4208:13400 dhnetsdk.cpp:15875]Enter CLIENT_FindRecord. [lLoginID=0000028D2B319910, pInParam=0000028D2C24D8D0, pOutParam=0000028D2C24D810, waittime=5000.]
[2021-04-29T15:48:58.284 info Netsdk:48184 4208:13400 dhnetsdk.cpp:15900]Leave CLIENT_FindRecord. ret:1.
[2021-04-29T15:48:58.310 info Netsdk:48184 4208:13400 dhnetsdk.cpp:15992]Enter CLIENT_FindRecordClose. [lFindHandle=723797712.]
[2021-04-29T15:48:58.348 info Netsdk:48184 4208:13400 dhnetsdk.cpp:16007]Leave CLIENT_FindRecordClose. ret:1
[2021-04-29T15:49:11.376 info Netsdk:48184 4208:9316 dhnetsdk.cpp:26799]Enter CLIENT_FaceInfoOpreate. [lLoginID=0000028D2B319910, emType=3, pInParam=0000028D299FC9C0, pOutParam=0000028D35E5A600, waittime=5000.]
[2021-04-29T15:49:11.398 info Netsdk:48184 4208:9316 dhnetsdk.cpp:26815]Leave CLIENT_FaceInfoOpreate.ret:1.
[2021-04-29T15:49:11.404 info Netsdk:48184 4208:9316 dhnetsdk.cpp:7262]Enter CLIENT_ControlDevice. [lLoginID=0000028D2B319910, type=258, param=0000028D34C1EF30, waittime=5000.]
[2021-04-29T15:49:11.478 info Netsdk:48184 4208:9316 dhnetsdk.cpp:7285]Leave CLIENT_ControlDevice.ret:1.
[2021-04-29T15:49:17.774 info Netsdk:48184 4208:9316 dhnetsdk.cpp:892]Enter CLIENT_Logout. lLoginID:0000028D2B319910.
[2021-04-29T15:49:17.774 error Netsdk:48184 4208:9316 TPTCPClient.cpp:533]Device is not online, ip:169.254.238.113
[2021-04-29T15:49:17.775 info Netsdk:48184 4208:9316 dhnetsdk.cpp:914]Leave CLIENT_Logout. ret:1
