Begin Time:2021-04-13T09:31:59.843
[2021-04-13T09:31:59.843 info Netsdk:48184 14976:12004 AVNetSDKMgr.cpp:378]Load avnetsdk library dynamically
[2021-04-13T09:31:59.848 info Netsdk:48184 14976:12004 AVNetSDKMgr.cpp:402]avnetsdk module handle: 00000299734B0000

[2021-04-13T09:31:59.848 info Netsdk:48184 14976:12004 AVNetSDKMgr.cpp:734]Load configsdk dynamically
[2021-04-13T09:31:59.855 info Netsdk:48184 14976:12004 dhnetsdk.cpp:190]Enter CLIENT_SetAutoReconnect:[cbAutoConnect=0000029970640050, dwUser=0000000000000000].
[2021-04-13T09:31:59.855 info Netsdk:48184 14976:12004 dhnetsdk.cpp:192]Leave CLIENT_SetAutoReconnect.
[2021-04-13T09:31:59.856 info Netsdk:48184 14976:12004 dhnetsdk.cpp:210]Enter CLIENT_SetConnectTime:[nWaitTime=5000, nTryTimes=1].
[2021-04-13T09:31:59.856 info Netsdk:48184 14976:12004 dhnetsdk.cpp:223]Leave CLIENT_SetConnectTime.
[2021-04-13T09:31:59.856 info Netsdk:48184 14976:12004 dhnetsdk.cpp:234]Enter CLIENT_SetNetworkParam:[nWaittime=0, nConnectTime=10000, nConnectTryNum=0, nSubConnectSpaceTime=0, nGetDevInfoTime=0, nConnectBufSize=0, nGetConnInfoTime=3000, nSearchRecordTime=0, nsubDisconnetTime=0, byNetType=0, byPlaybackBufSize=0, bDetectDisconnTime=0, bKeepLifeInterval=0, nPicBufSize=0].
[2021-04-13T09:31:59.856 info Netsdk:48184 14976:12004 dhnetsdk.cpp:249]Leave CLIENT_SetNetworkParam.
[2021-04-13T09:32:01.597 info Netsdk:48184 14976:12004 dhnetsdk.cpp:809]Enter CLIENT_LoginWithHighLevelSecurity. pstInParam:00000299727135C0, pstOutParam:0000029970AADAD0.
[2021-04-13T09:32:01.597 info Netsdk:48184 14976:12004 dhnetsdk.cpp:825]IP:169.254.238.113, port:37777, SpeCap:0, CapParam:0000000000000000.
[2021-04-13T09:32:01.744 info Netsdk:48184 14976:12004 dhnetsdk.cpp:871]Leave CLIENT_LoginWithHighLevelSecurity. error:0, login ID:0000029970899910.
[2021-04-13T09:32:02.649 info Netsdk:48184 14976:12004 dhnetsdk.cpp:9492]Enter CLIENT_RealLoadPictureEx. lLoginID:0000029970899910, nChannelID:0, dwAlarmType:1, bNeedPicFile:1, cbAnalyzerData:0000029970640090, dwUser:0000000000000000, Reserved:0000000000000000.
[2021-04-13T09:32:02.650 info Netsdk:48184 14976:12004 Utils.cpp:4809]mutil NIC client
[2021-04-13T09:32:02.654 info Netsdk:48184 14976:12004 DevConfigEx.cpp:10179]IN SetupSession PORT=0 and PORT: 37777
[2021-04-13T09:32:02.675 info Netsdk:48184 14976:12004 dhnetsdk.cpp:9511]Leave CLIENT_RealLoadPictureEx. ret:1888074976.
[2021-04-13T09:32:09.995 info Netsdk:48184 14976:12004 dhnetsdk.cpp:9524]Enter CLIENT_StopLoadPic. lAnalyzerHandle:1888074976.
[2021-04-13T09:32:09.995 info Netsdk:48184 14976:12004 dhnetsdk.cpp:9531]Leave CLIENT_StopLoadPic. ret:1.
[2021-04-13T09:32:11.299 info Netsdk:48184 14976:12004 dhnetsdk.cpp:892]Enter CLIENT_Logout. lLoginID:0000029970899910.
[2021-04-13T09:32:11.301 error Netsdk:48184 14976:12004 TPTCPClient.cpp:533]Device is not online, ip:169.254.238.113
[2021-04-13T09:32:11.301 info Netsdk:48184 14976:12004 dhnetsdk.cpp:914]Leave CLIENT_Logout. ret:1
[2021-04-13T09:38:59.579 info Netsdk:48184 14976:12004 dhnetsdk.cpp:809]Enter CLIENT_LoginWithHighLevelSecurity. pstInParam:0000029972713A20, pstOutParam:0000029970AAE6D0.
[2021-04-13T09:38:59.579 info Netsdk:48184 14976:12004 dhnetsdk.cpp:825]IP:169.254.238.113, port:37777, SpeCap:0, CapParam:0000000000000000.
[2021-04-13T09:38:59.711 info Netsdk:48184 14976:12004 dhnetsdk.cpp:871]Leave CLIENT_LoginWithHighLevelSecurity. error:0, login ID:0000029970899910.
[2021-04-13T09:39:00.922 info Netsdk:48184 14976:12004 dhnetsdk.cpp:9492]Enter CLIENT_RealLoadPictureEx. lLoginID:0000029970899910, nChannelID:0, dwAlarmType:1, bNeedPicFile:1, cbAnalyzerData:0000029970640090, dwUser:0000000000000000, Reserved:0000000000000000.
[2021-04-13T09:39:00.923 info Netsdk:48184 14976:12004 Utils.cpp:4809]mutil NIC client
[2021-04-13T09:39:00.929 info Netsdk:48184 14976:12004 DevConfigEx.cpp:10179]IN SetupSession PORT=0 and PORT: 37777
[2021-04-13T09:39:00.958 info Netsdk:48184 14976:12004 dhnetsdk.cpp:9511]Leave CLIENT_RealLoadPictureEx. ret:1888074976.
[2021-04-13T09:39:14.171 info Netsdk:48184 14976:12004 dhnetsdk.cpp:9524]Enter CLIENT_StopLoadPic. lAnalyzerHandle:1888074976.
[2021-04-13T09:39:14.171 info Netsdk:48184 14976:12004 dhnetsdk.cpp:9531]Leave CLIENT_StopLoadPic. ret:1.
[2021-04-13T09:39:14.171 info Netsdk:48184 14976:12004 dhnetsdk.cpp:892]Enter CLIENT_Logout. lLoginID:0000029970899910.
[2021-04-13T09:39:14.171 error Netsdk:48184 14976:12004 TPTCPClient.cpp:533]Device is not online, ip:169.254.238.113
[2021-04-13T09:39:14.171 info Netsdk:48184 14976:12004 dhnetsdk.cpp:914]Leave CLIENT_Logout. ret:1
[2021-04-13T14:04:49.821 info Netsdk:48184 14976:12004 dhnetsdk.cpp:809]Enter CLIENT_LoginWithHighLevelSecurity. pstInParam:0000029972714740, pstOutParam:00000299722AF890.
[2021-04-13T14:04:49.822 info Netsdk:48184 14976:12004 dhnetsdk.cpp:825]IP:169.254.238.113, port:37777, SpeCap:0, CapParam:0000000000000000.
[2021-04-13T14:04:49.975 info Netsdk:48184 14976:12004 dhnetsdk.cpp:871]Leave CLIENT_LoginWithHighLevelSecurity. error:0, login ID:0000029970899910.
[2021-04-13T14:04:50.931 info Netsdk:48184 14976:12004 dhnetsdk.cpp:9492]Enter CLIENT_RealLoadPictureEx. lLoginID:0000029970899910, nChannelID:0, dwAlarmType:1, bNeedPicFile:1, cbAnalyzerData:0000029970640090, dwUser:0000000000000000, Reserved:0000000000000000.
[2021-04-13T14:04:50.933 info Netsdk:48184 14976:12004 Utils.cpp:4809]mutil NIC client
[2021-04-13T14:04:50.939 info Netsdk:48184 14976:12004 DevConfigEx.cpp:10179]IN SetupSession PORT=0 and PORT: 37777
[2021-04-13T14:04:50.960 info Netsdk:48184 14976:12004 dhnetsdk.cpp:9511]Leave CLIENT_RealLoadPictureEx. ret:1888074976.
[2021-04-13T14:05:32.258 info Netsdk:48184 14976:12004 dhnetsdk.cpp:9524]Enter CLIENT_StopLoadPic. lAnalyzerHandle:1888074976.
[2021-04-13T14:05:32.259 info Netsdk:48184 14976:12004 dhnetsdk.cpp:9531]Leave CLIENT_StopLoadPic. ret:1.
[2021-04-13T14:07:02.971 info Netsdk:48184 14976:12004 dhnetsdk.cpp:9492]Enter CLIENT_RealLoadPictureEx. lLoginID:0000029970899910, nChannelID:0, dwAlarmType:1, bNeedPicFile:1, cbAnalyzerData:0000029970640090, dwUser:0000000000000000, Reserved:0000000000000000.
[2021-04-13T14:07:02.971 info Netsdk:48184 14976:12004 Utils.cpp:4809]mutil NIC client
[2021-04-13T14:07:02.980 info Netsdk:48184 14976:12004 DevConfigEx.cpp:10179]IN SetupSession PORT=0 and PORT: 37777
[2021-04-13T14:07:03.015 info Netsdk:48184 14976:12004 dhnetsdk.cpp:9511]Leave CLIENT_RealLoadPictureEx. ret:1888074976.
[2021-04-13T14:53:15.233 info Netsdk:48184 14976:12004 dhnetsdk.cpp:9524]Enter CLIENT_StopLoadPic. lAnalyzerHandle:1888074976.
[2021-04-13T14:53:15.233 info Netsdk:48184 14976:12004 dhnetsdk.cpp:9531]Leave CLIENT_StopLoadPic. ret:1.
[2021-04-13T14:53:16.450 info Netsdk:48184 14976:12004 dhnetsdk.cpp:892]Enter CLIENT_Logout. lLoginID:0000029970899910.
[2021-04-13T14:53:16.457 error Netsdk:48184 14976:12004 TPTCPClient.cpp:533]Device is not online, ip:169.254.238.113
[2021-04-13T14:53:16.458 info Netsdk:48184 14976:12004 dhnetsdk.cpp:914]Leave CLIENT_Logout. ret:1
