Begin Time:2021-04-01T09:45:35.569
[2021-04-01T09:45:35.569 info Netsdk:48184 2216:20492 dhnetsdk.cpp:190]Enter CLIENT_SetAutoReconnect:[cbAutoConnect=000001ADDF470190, dwUser=0000000000000000].
[2021-04-01T09:45:35.569 info Netsdk:48184 2216:20492 dhnetsdk.cpp:192]Leave CLIENT_SetAutoReconnect.
[2021-04-01T09:45:35.570 info Netsdk:48184 2216:20492 dhnetsdk.cpp:210]Enter CLIENT_SetConnectTime:[nWaitTime=5000, nTryTimes=1].
[2021-04-01T09:45:35.570 info Netsdk:48184 2216:20492 dhnetsdk.cpp:223]Leave CLIENT_SetConnectTime.
[2021-04-01T09:45:35.570 info Netsdk:48184 2216:20492 dhnetsdk.cpp:234]Enter CLIENT_SetNetworkParam:[nWaittime=0, nConnectTime=10000, nConnectTryNum=0, nSubConnectSpaceTime=0, nGetDevInfoTime=0, nConnectBufSize=0, nGetConnInfoTime=3000, nSearchRecordTime=0, nsubDisconnetTime=0, byNetType=0, byPlaybackBufSize=0, bDetectDisconnTime=0, bKeepLifeInterval=0, nPicBufSize=0].
[2021-04-01T09:45:35.570 info Netsdk:48184 2216:20492 dhnetsdk.cpp:249]Leave CLIENT_SetNetworkParam.
[2021-04-01T09:45:41.098 info Netsdk:48184 2216:20492 dhnetsdk.cpp:809]Enter CLIENT_LoginWithHighLevelSecurity. pstInParam:000001ADDDC9AF40, pstOutParam:000001ADDEAEFF30.
[2021-04-01T09:45:41.098 info Netsdk:48184 2216:20492 dhnetsdk.cpp:825]IP:169.254.238.113, port:37777, SpeCap:0, CapParam:0000000000000000.
[2021-04-01T09:45:41.250 info Netsdk:48184 2216:20492 dhnetsdk.cpp:871]Leave CLIENT_LoginWithHighLevelSecurity. error:0, login ID:000001ADDF5D8900.
[2021-04-01T09:45:47.042 info Netsdk:48184 2216:20492 dhnetsdk.cpp:1105]Enter CLIENT_RealPlayEx. lLoginID:000001ADDF5D8900. nChannelID:0. rType:0
[2021-04-01T09:45:47.221 info Netsdk:48184 2216:20492 DevConfigEx.cpp:10179]IN SetupSession PORT=0 and PORT: 37777
[2021-04-01T09:45:47.288 error Netsdk:48184 2216:20492 RealPlayAndPlayBackUtil.cpp:430]AttachVk fail
[2021-04-01T09:45:47.302 info Netsdk:48184 2216:20492 dhnetsdk.cpp:1166]Leave CLIENT_RealPlayEx. ret:-468895392
[2021-04-01T09:45:47.302 info Netsdk:48184 2216:20492 dhnetsdk.cpp:27677]Enter CLIENT_RenderPrivateData. [lPlayHandle=-468895392, bTrue=1.]
[2021-04-01T09:45:47.302 info Netsdk:48184 2216:20492 dhnetsdk.cpp:27685]Leave CLIENT_RenderPrivateData. ret:1
[2021-04-01T09:45:49.450 info Netsdk:48184 2216:20492 dhnetsdk.cpp:21869]Enter CLIENT_AttachVideoStatSummary. [lLoginID=000001ADDF5D8900, pInParam=000001ADDDD34F10, pOutParam=000001ADDE77DA20, nWaitTime=5000.]
[2021-04-01T09:45:49.469 info Netsdk:48184 2216:20492 dhnetsdk.cpp:21881]Leave CLIENT_AttachVideoStatSummary. ret:0
[2021-04-01T09:45:49.469 info Netsdk:48184 2216:20492 dhnetsdk.cpp:7250]Enter CLIENT_GetLastError.
[2021-04-01T09:45:49.469 info Netsdk:48184 2216:20492 dhnetsdk.cpp:7253]Leave CLIENT_GetLastError.[Error code=80000181.]
[2021-04-01T09:45:49.469 info Netsdk:48184 2216:20492 dhnetsdk.cpp:7250]Enter CLIENT_GetLastError.
[2021-04-01T09:45:49.469 info Netsdk:48184 2216:20492 dhnetsdk.cpp:7253]Leave CLIENT_GetLastError.[Error code=80000181.]
[2021-04-01T09:45:49.469 info Netsdk:48184 2216:20492 dhnetsdk.cpp:7250]Enter CLIENT_GetLastError.
[2021-04-01T09:45:49.469 info Netsdk:48184 2216:20492 dhnetsdk.cpp:7253]Leave CLIENT_GetLastError.[Error code=80000181.]
[2021-04-01T09:45:52.681 info Netsdk:48184 2216:20492 dhnetsdk.cpp:21869]Enter CLIENT_AttachVideoStatSummary. [lLoginID=000001ADDF5D8900, pInParam=000001ADDDD3E090, pOutParam=000001ADDDC9A950, nWaitTime=5000.]
[2021-04-01T09:45:52.712 info Netsdk:48184 2216:20492 dhnetsdk.cpp:21881]Leave CLIENT_AttachVideoStatSummary. ret:0
[2021-04-01T09:45:52.712 info Netsdk:48184 2216:20492 dhnetsdk.cpp:7250]Enter CLIENT_GetLastError.
[2021-04-01T09:45:52.712 info Netsdk:48184 2216:20492 dhnetsdk.cpp:7253]Leave CLIENT_GetLastError.[Error code=80000181.]
[2021-04-01T09:45:52.712 info Netsdk:48184 2216:20492 dhnetsdk.cpp:7250]Enter CLIENT_GetLastError.
[2021-04-01T09:45:52.712 info Netsdk:48184 2216:20492 dhnetsdk.cpp:7253]Leave CLIENT_GetLastError.[Error code=80000181.]
[2021-04-01T09:45:52.712 info Netsdk:48184 2216:20492 dhnetsdk.cpp:7250]Enter CLIENT_GetLastError.
[2021-04-01T09:45:52.712 info Netsdk:48184 2216:20492 dhnetsdk.cpp:7253]Leave CLIENT_GetLastError.[Error code=80000181.]
[2021-04-01T09:46:06.082 info Netsdk:48184 2216:20492 dhnetsdk.cpp:1780]Enter CLIENT_StopRealPlayEx. lRealHandle:-468895392.
[2021-04-01T09:46:06.090 info Netsdk:48184 2216:20492 dhnetsdk.cpp:1794]Leave CLIENT_StopRealPlayEx. ret:1
[2021-04-01T09:46:06.090 info Netsdk:48184 2216:20492 dhnetsdk.cpp:892]Enter CLIENT_Logout. lLoginID:000001ADDF5D8900.
[2021-04-01T09:46:06.090 error Netsdk:48184 2216:20492 TPTCPClient.cpp:533]Device is not online, ip:169.254.238.113
[2021-04-01T09:46:06.090 info Netsdk:48184 2216:20492 dhnetsdk.cpp:914]Leave CLIENT_Logout. ret:1
