Begin Time:2021-04-06T10:21:47.971
[2021-04-06T10:21:47.971 info Netsdk:48184 7752:21744 AVNetSDKMgr.cpp:378]Load avnetsdk library dynamically
[2021-04-06T10:21:47.975 info Netsdk:48184 7752:21744 AVNetSDKMgr.cpp:402]avnetsdk module handle: 0000016BA8470000

[2021-04-06T10:21:47.976 info Netsdk:48184 7752:21744 AVNetSDKMgr.cpp:734]Load configsdk dynamically
[2021-04-06T10:21:47.978 info Netsdk:48184 7752:21744 dhnetsdk.cpp:190]Enter CLIENT_SetAutoReconnect:[cbAutoConnect=0000016BA5290050, dwUser=0000000000000000].
[2021-04-06T10:21:47.978 info Netsdk:48184 7752:21744 dhnetsdk.cpp:192]Leave CLIENT_SetAutoReconnect.
[2021-04-06T10:21:47.978 info Netsdk:48184 7752:21744 dhnetsdk.cpp:210]Enter CLIENT_SetConnectTime:[nWaitTime=5000, nTryTimes=1].
[2021-04-06T10:21:47.978 info Netsdk:48184 7752:21744 dhnetsdk.cpp:223]Leave CLIENT_SetConnectTime.
[2021-04-06T10:21:47.979 info Netsdk:48184 7752:21744 dhnetsdk.cpp:234]Enter CLIENT_SetNetworkParam:[nWaittime=0, nConnectTime=10000, nConnectTryNum=0, nSubConnectSpaceTime=0, nGetDevInfoTime=0, nConnectBufSize=0, nGetConnInfoTime=3000, nSearchRecordTime=0, nsubDisconnetTime=0, byNetType=0, byPlaybackBufSize=0, bDetectDisconnTime=0, bKeepLifeInterval=0, nPicBufSize=0].
[2021-04-06T10:21:47.979 info Netsdk:48184 7752:21744 dhnetsdk.cpp:249]Leave CLIENT_SetNetworkParam.
[2021-04-06T10:21:49.433 info Netsdk:48184 7752:21744 dhnetsdk.cpp:809]Enter CLIENT_LoginWithHighLevelSecurity. pstInParam:0000016BA681A0F0, pstOutParam:0000016BA971CED0.
[2021-04-06T10:21:49.433 info Netsdk:48184 7752:21744 dhnetsdk.cpp:825]IP:169.254.238.113, port:37777, SpeCap:0, CapParam:0000000000000000.
[2021-04-06T10:21:49.588 info Netsdk:48184 7752:21744 dhnetsdk.cpp:871]Leave CLIENT_LoginWithHighLevelSecurity. error:0, login ID:0000016BA66F8900.
[2021-04-06T10:21:50.337 info Netsdk:48184 7752:21744 dhnetsdk.cpp:9492]Enter CLIENT_RealLoadPictureEx. lLoginID:0000016BA66F8900, nChannelID:0, dwAlarmType:1, bNeedPicFile:1, cbAnalyzerData:0000016BA5290090, dwUser:0000000000000000, Reserved:0000000000000000.
[2021-04-06T10:21:50.338 info Netsdk:48184 7752:21744 Utils.cpp:4809]mutil NIC client
[2021-04-06T10:21:50.341 info Netsdk:48184 7752:21744 DevConfigEx.cpp:10179]IN SetupSession PORT=0 and PORT: 37777
[2021-04-06T10:21:50.361 info Netsdk:48184 7752:21744 dhnetsdk.cpp:9511]Leave CLIENT_RealLoadPictureEx. ret:-1502618352.
[2021-04-06T10:52:08.969 info Netsdk:48184 7752:21744 dhnetsdk.cpp:9524]Enter CLIENT_StopLoadPic. lAnalyzerHandle:-1502618352.
[2021-04-06T10:52:08.971 info Netsdk:48184 7752:21744 dhnetsdk.cpp:9531]Leave CLIENT_StopLoadPic. ret:1.
[2021-04-06T10:52:08.971 info Netsdk:48184 7752:21744 dhnetsdk.cpp:892]Enter CLIENT_Logout. lLoginID:0000016BA66F8900.
[2021-04-06T10:52:08.981 error Netsdk:48184 7752:21744 TPTCPClient.cpp:533]Device is not online, ip:169.254.238.113
[2021-04-06T10:52:08.982 info Netsdk:48184 7752:21744 dhnetsdk.cpp:914]Leave CLIENT_Logout. ret:1
