Begin Time:2021-04-06T09:08:39.734
[2021-04-06T09:08:39.735 info Netsdk:48184 11724:21716 AVNetSDKMgr.cpp:378]Load avnetsdk library dynamically
[2021-04-06T09:08:39.739 info Netsdk:48184 11724:21716 AVNetSDKMgr.cpp:402]avnetsdk module handle: 0000025B1EFB0000

[2021-04-06T09:08:39.739 info Netsdk:48184 11724:21716 AVNetSDKMgr.cpp:734]Load configsdk dynamically
[2021-04-06T09:08:39.742 info Netsdk:48184 11724:21716 dhnetsdk.cpp:190]Enter CLIENT_SetAutoReconnect:[cbAutoConnect=0000025B1D4A0050, dwUser=0000000000000000].
[2021-04-06T09:08:39.742 info Netsdk:48184 11724:21716 dhnetsdk.cpp:192]Leave CLIENT_SetAutoReconnect.
[2021-04-06T09:08:39.742 info Netsdk:48184 11724:21716 dhnetsdk.cpp:210]Enter CLIENT_SetConnectTime:[nWaitTime=5000, nTryTimes=1].
[2021-04-06T09:08:39.742 info Netsdk:48184 11724:21716 dhnetsdk.cpp:223]Leave CLIENT_SetConnectTime.
[2021-04-06T09:08:39.742 info Netsdk:48184 11724:21716 dhnetsdk.cpp:234]Enter CLIENT_SetNetworkParam:[nWaittime=0, nConnectTime=10000, nConnectTryNum=0, nSubConnectSpaceTime=0, nGetDevInfoTime=0, nConnectBufSize=0, nGetConnInfoTime=3000, nSearchRecordTime=0, nsubDisconnetTime=0, byNetType=0, byPlaybackBufSize=0, bDetectDisconnTime=0, bKeepLifeInterval=0, nPicBufSize=0].
[2021-04-06T09:08:39.742 info Netsdk:48184 11724:21716 dhnetsdk.cpp:249]Leave CLIENT_SetNetworkParam.
[2021-04-06T09:08:46.030 info Netsdk:48184 11724:21716 dhnetsdk.cpp:809]Enter CLIENT_LoginWithHighLevelSecurity. pstInParam:0000025B1E31FB90, pstOutParam:0000025B20A7A020.
[2021-04-06T09:08:46.030 info Netsdk:48184 11724:21716 dhnetsdk.cpp:825]IP:169.254.238.113, port:37777, SpeCap:0, CapParam:0000000000000000.
[2021-04-06T09:08:46.171 info Netsdk:48184 11724:21716 dhnetsdk.cpp:871]Leave CLIENT_LoginWithHighLevelSecurity. error:0, login ID:0000025B1D659910.
[2021-04-06T09:08:52.806 info Netsdk:48184 11724:21716 dhnetsdk.cpp:9492]Enter CLIENT_RealLoadPictureEx. lLoginID:0000025B1D659910, nChannelID:0, dwAlarmType:1, bNeedPicFile:1, cbAnalyzerData:0000025B1D4A0090, dwUser:0000000000000000, Reserved:0000000000000000.
[2021-04-06T09:08:52.807 info Netsdk:48184 11724:21716 Utils.cpp:4809]mutil NIC client
[2021-04-06T09:08:52.810 info Netsdk:48184 11724:21716 DevConfigEx.cpp:10179]IN SetupSession PORT=0 and PORT: 37777
[2021-04-06T09:08:52.830 info Netsdk:48184 11724:21716 dhnetsdk.cpp:9511]Leave CLIENT_RealLoadPictureEx. ret:492321488.
[2021-04-06T09:08:59.853 info Netsdk:48184 11724:21716 dhnetsdk.cpp:9524]Enter CLIENT_StopLoadPic. lAnalyzerHandle:492321488.
[2021-04-06T09:08:59.853 info Netsdk:48184 11724:21716 dhnetsdk.cpp:9531]Leave CLIENT_StopLoadPic. ret:1.
[2021-04-06T09:08:59.853 info Netsdk:48184 11724:21716 dhnetsdk.cpp:892]Enter CLIENT_Logout. lLoginID:0000025B1D659910.
[2021-04-06T09:08:59.853 error Netsdk:48184 11724:21716 TPTCPClient.cpp:533]Device is not online, ip:169.254.238.113
[2021-04-06T09:08:59.853 info Netsdk:48184 11724:21716 dhnetsdk.cpp:914]Leave CLIENT_Logout. ret:1
