Begin Time:2021-03-31T16:09:04.507
[2021-03-31T16:09:04.507 info Netsdk:48184 16364:13172 AVNetSDKMgr.cpp:378]Load avnetsdk library dynamically
[2021-03-31T16:09:04.511 info Netsdk:48184 16364:13172 AVNetSDKMgr.cpp:402]avnetsdk module handle: 00000135BF1C0000

[2021-03-31T16:09:04.511 info Netsdk:48184 16364:13172 AVNetSDKMgr.cpp:734]Load configsdk dynamically
[2021-03-31T16:09:04.514 info Netsdk:48184 16364:13172 dhnetsdk.cpp:190]Enter CLIENT_SetAutoReconnect:[cbAutoConnect=00000135BB6A0050, dwUser=0000000000000000].
[2021-03-31T16:09:04.514 info Netsdk:48184 16364:13172 dhnetsdk.cpp:192]Leave CLIENT_SetAutoReconnect.
[2021-03-31T16:09:04.514 info Netsdk:48184 16364:13172 dhnetsdk.cpp:210]Enter CLIENT_SetConnectTime:[nWaitTime=5000, nTryTimes=1].
[2021-03-31T16:09:04.514 info Netsdk:48184 16364:13172 dhnetsdk.cpp:223]Leave CLIENT_SetConnectTime.
[2021-03-31T16:09:04.515 info Netsdk:48184 16364:13172 dhnetsdk.cpp:234]Enter CLIENT_SetNetworkParam:[nWaittime=0, nConnectTime=10000, nConnectTryNum=0, nSubConnectSpaceTime=0, nGetDevInfoTime=0, nConnectBufSize=0, nGetConnInfoTime=3000, nSearchRecordTime=0, nsubDisconnetTime=0, byNetType=0, byPlaybackBufSize=0, bDetectDisconnTime=0, bKeepLifeInterval=0, nPicBufSize=0].
[2021-03-31T16:09:04.515 info Netsdk:48184 16364:13172 dhnetsdk.cpp:249]Leave CLIENT_SetNetworkParam.
[2021-03-31T16:10:14.679 info Netsdk:48184 16364:13172 dhnetsdk.cpp:809]Enter CLIENT_LoginWithHighLevelSecurity. pstInParam:00000135BBEBFC40, pstOutParam:00000135BC483860.
[2021-03-31T16:10:14.679 info Netsdk:48184 16364:13172 dhnetsdk.cpp:825]IP:169.254.238.113, port:37777, SpeCap:0, CapParam:0000000000000000.
[2021-03-31T16:10:14.820 info Netsdk:48184 16364:13172 dhnetsdk.cpp:871]Leave CLIENT_LoginWithHighLevelSecurity. error:0, login ID:00000135BC3E6DF0.
[2021-03-31T16:10:18.863 info Netsdk:48184 16364:13172 dhnetsdk.cpp:9492]Enter CLIENT_RealLoadPictureEx. lLoginID:00000135BC3E6DF0, nChannelID:0, dwAlarmType:1, bNeedPicFile:1, cbAnalyzerData:00000135BB6A0090, dwUser:0000000000000000, Reserved:0000000000000000.
[2021-03-31T16:10:18.864 info Netsdk:48184 16364:13172 Utils.cpp:4809]mutil NIC client
[2021-03-31T16:10:18.867 info Netsdk:48184 16364:13172 DevConfigEx.cpp:10179]IN SetupSession PORT=0 and PORT: 37777
[2021-03-31T16:10:18.891 info Netsdk:48184 16364:13172 dhnetsdk.cpp:9511]Leave CLIENT_RealLoadPictureEx. ret:-1136738240.
[2021-03-31T16:28:30.590 info Netsdk:48184 16364:13172 dhnetsdk.cpp:9524]Enter CLIENT_StopLoadPic. lAnalyzerHandle:-1136738240.
[2021-03-31T16:28:30.591 info Netsdk:48184 16364:13172 dhnetsdk.cpp:9531]Leave CLIENT_StopLoadPic. ret:1.
[2021-03-31T16:28:30.591 info Netsdk:48184 16364:13172 dhnetsdk.cpp:892]Enter CLIENT_Logout. lLoginID:00000135BC3E6DF0.
[2021-03-31T16:28:30.591 error Netsdk:48184 16364:13172 TPTCPClient.cpp:533]Device is not online, ip:169.254.238.113
[2021-03-31T16:28:30.591 info Netsdk:48184 16364:13172 dhnetsdk.cpp:914]Leave CLIENT_Logout. ret:1
