Begin Time:2021-04-07T09:06:23.970
[2021-04-07T09:06:23.970 info Netsdk:48184 7596:20016 AVNetSDKMgr.cpp:378]Load avnetsdk library dynamically
[2021-04-07T09:06:23.974 info Netsdk:48184 7596:20016 AVNetSDKMgr.cpp:402]avnetsdk module handle: 00000185148D0000

[2021-04-07T09:06:23.974 info Netsdk:48184 7596:20016 AVNetSDKMgr.cpp:734]Load configsdk dynamically
[2021-04-07T09:06:23.976 info Netsdk:48184 7596:20016 dhnetsdk.cpp:190]Enter CLIENT_SetAutoReconnect:[cbAutoConnect=0000018514390050, dwUser=0000000000000000].
[2021-04-07T09:06:23.976 info Netsdk:48184 7596:20016 dhnetsdk.cpp:192]Leave CLIENT_SetAutoReconnect.
[2021-04-07T09:06:23.977 info Netsdk:48184 7596:20016 dhnetsdk.cpp:210]Enter CLIENT_SetConnectTime:[nWaitTime=5000, nTryTimes=1].
[2021-04-07T09:06:23.977 info Netsdk:48184 7596:20016 dhnetsdk.cpp:223]Leave CLIENT_SetConnectTime.
[2021-04-07T09:06:23.977 info Netsdk:48184 7596:20016 dhnetsdk.cpp:234]Enter CLIENT_SetNetworkParam:[nWaittime=0, nConnectTime=10000, nConnectTryNum=0, nSubConnectSpaceTime=0, nGetDevInfoTime=0, nConnectBufSize=0, nGetConnInfoTime=3000, nSearchRecordTime=0, nsubDisconnetTime=0, byNetType=0, byPlaybackBufSize=0, bDetectDisconnTime=0, bKeepLifeInterval=0, nPicBufSize=0].
[2021-04-07T09:06:23.977 info Netsdk:48184 7596:20016 dhnetsdk.cpp:249]Leave CLIENT_SetNetworkParam.
[2021-04-07T09:06:38.071 info Netsdk:48184 7596:20016 dhnetsdk.cpp:809]Enter CLIENT_LoginWithHighLevelSecurity. pstInParam:00000185123F6C00, pstOutParam:00000185137E5280.
[2021-04-07T09:06:38.071 info Netsdk:48184 7596:20016 dhnetsdk.cpp:825]IP:169.254.238.113, port:37777, SpeCap:0, CapParam:0000000000000000.
[2021-04-07T09:06:38.205 info Netsdk:48184 7596:20016 dhnetsdk.cpp:871]Leave CLIENT_LoginWithHighLevelSecurity. error:0, login ID:0000018512EE8900.
[2021-04-07T09:06:39.302 info Netsdk:48184 7596:20016 dhnetsdk.cpp:9492]Enter CLIENT_RealLoadPictureEx. lLoginID:0000018512EE8900, nChannelID:0, dwAlarmType:1, bNeedPicFile:1, cbAnalyzerData:0000018514390090, dwUser:0000000000000000, Reserved:0000000000000000.
[2021-04-07T09:06:39.303 info Netsdk:48184 7596:20016 Utils.cpp:4809]mutil NIC client
[2021-04-07T09:06:39.306 info Netsdk:48184 7596:20016 DevConfigEx.cpp:10179]IN SetupSession PORT=0 and PORT: 37777
[2021-04-07T09:06:39.336 info Netsdk:48184 7596:20016 dhnetsdk.cpp:9511]Leave CLIENT_RealLoadPictureEx. ret:317635808.
[2021-04-07T09:07:15.741 info Netsdk:48184 7596:20016 dhnetsdk.cpp:9524]Enter CLIENT_StopLoadPic. lAnalyzerHandle:317635808.
[2021-04-07T09:07:15.744 info Netsdk:48184 7596:20016 dhnetsdk.cpp:9531]Leave CLIENT_StopLoadPic. ret:1.
[2021-04-07T09:07:15.745 info Netsdk:48184 7596:20016 dhnetsdk.cpp:892]Enter CLIENT_Logout. lLoginID:0000018512EE8900.
[2021-04-07T09:07:15.750 error Netsdk:48184 7596:20016 TPTCPClient.cpp:533]Device is not online, ip:169.254.238.113
[2021-04-07T09:07:15.750 info Netsdk:48184 7596:20016 dhnetsdk.cpp:914]Leave CLIENT_Logout. ret:1
